TN:
SF:script/BadGameScript.sol
DA:8,0
FN:8,BadGameScript.run
FNDA:0,BadGameScript.run
DA:9,0
DA:10,0
DA:12,0
DA:13,0
DA:15,0
DA:17,0
DA:19,0
DA:20,0
DA:21,0
DA:22,0
DA:23,0
DA:24,0
DA:25,0
DA:26,0
DA:27,0
DA:28,0
DA:29,0
DA:30,0
DA:31,0
DA:32,0
DA:34,0
DA:36,0
FNF:1
FNH:0
LF:23
LH:0
BRF:0
BRH:0
end_of_record
TN:
SF:src/BadGame.sol
DA:14,6
FN:14,BadGame.claimSword
FNDA:6,BadGame.claimSword
DA:16,6
BRDA:16,0,0,1
BRDA:16,0,1,5
DA:18,5
DA:19,5
DA:20,5
DA:22,5
DA:26,3
FN:26,BadGame.upgradeSword
FNDA:3,BadGame.upgradeSword
DA:27,3
BRDA:27,1,0,1
BRDA:27,1,1,2
DA:28,2
DA:30,2
DA:33,4
FN:33,BadGame.checkPlayerStats
FNDA:4,BadGame.checkPlayerStats
DA:34,4
FNF:3
FNH:3
LF:12
LH:12
BRF:4
BRH:4
end_of_record
